[1424:3480:1111/001650.412:VERBOSE1:crash_service_main.cc(78)] Session start. cmdline is [--reporter-url=https://crashreporter.atom.io --application-name=Atom "--crashes-directory=D:\Temp\Atom Crashes" --v=1]
[1424:3480:1111/001650.414:VERBOSE1:crash_service.cc(142)] window handle is 00000000001D0178
[1424:3480:1111/001650.414:VERBOSE1:crash_service.cc(284)] pipe name is \\.\pipe\Atom Crash Service
dumps at D:\Temp\Atom Crashes
[1424:3480:1111/001650.414:VERBOSE1:crash_service.cc(288)] checkpoint is D:\Temp\Atom Crashes\crash_checkpoint.txt
server is https://crashreporter.atom.io
maximum 128 reports/day
reporter is electron-crash-service
[1424:3480:1111/001650.414:VERBOSE1:crash_service_main.cc(94)] Ready to process crash requests
[1424:12448:1111/001650.414:VERBOSE1:crash_service.cc(317)] client start. pid = 9564
[1424:12448:1111/001651.140:VERBOSE1:crash_service.cc(317)] client start. pid = 9592
[9864:10908:1111/001651.148:VERBOSE1:crash_service_main.cc(78)] Session start. cmdline is [--reporter-url=https://crashreporter.atom.io --application-name=Atom "--crashes-directory=D:\Temp\Atom Crashes" --v=1]
[9864:10908:1111/001651.150:VERBOSE1:crash_service.cc(142)] window handle is 00000000000A0938
[9864:10908:1111/001651.150:VERBOSE1:crash_service.cc(284)] pipe name is \\.\pipe\Atom Crash Service
dumps at D:\Temp\Atom Crashes
[9864:10908:1111/001651.150:VERBOSE1:crash_service.cc(288)] checkpoint is D:\Temp\Atom Crashes\crash_checkpoint.txt
server is https://crashreporter.atom.io
maximum 128 reports/day
reporter is electron-crash-service
[9864:10908:1111/001651.150:ERROR:crash_service.cc(295)] could not start dumper
[1424:9056:1111/001810.449:VERBOSE1:crash_service.cc(325)] client end. pid = 9592
[1424:9056:1111/001813.209:VERBOSE1:crash_service.cc(325)] client end. pid = 9564
[1424:9056:1111/001814.210:VERBOSE1:crash_service.cc(346)] zero clients. exiting
[1424:3480:1111/001814.210:VERBOSE1:crash_service.cc(486)] session ending..
[1424:3480:1111/001814.210:VERBOSE1:crash_service.cc(491)] clients connected :2
clients terminated :2
dumps serviced :0
dumps reported :0
[1424:3480:1111/001814.210:VERBOSE1:crash_service_main.cc(99)] Session end. return code is 0
